<?xml version="1.0" encoding="UTF-8"?>
<testng-results ignored="0" total="1" passed="1" failed="0" skipped="0">
  <reporter-output>
  </reporter-output>
  <suite started-at="2023-10-26T10:55:54 EDT" name="Default suite" finished-at="2023-10-26T10:56:01 EDT" duration-ms="6972">
    <groups>
    </groups>
    <test started-at="2023-10-26T10:55:54 EDT" name="Default test" finished-at="2023-10-26T10:56:01 EDT" duration-ms="6972">
      <class name="Test_case.sing_test">
        <test-method is-config="true" signature="browser()[pri:0, instance:Test_case.sing_test@47eaca72]" started-at="2023-10-26T10:55:54 EDT" name="browser" finished-at="2023-10-26T10:56:00 EDT" duration-ms="5667" status="PASS">
          <reporter-output>
          </reporter-output>
        </test-method> <!-- browser -->
        <test-method signature="test()[pri:0, instance:Test_case.sing_test@47eaca72]" started-at="2023-10-26T10:56:00 EDT" name="test" finished-at="2023-10-26T10:56:01 EDT" duration-ms="1268" status="PASS">
          <reporter-output>
          </reporter-output>
        </test-method> <!-- test -->
      </class> <!-- Test_case.sing_test -->
    </test> <!-- Default test -->
  </suite> <!-- Default suite -->
</testng-results>
